2025-09-18 15:38:16,177 - INFO - automation - Initializing WebDriver
2025-09-18 15:39:23,876 - INFO - automation - Test test_search_existing_user PASSED
2025-09-18 15:39:23,876 - INFO - automation - Quitting WebDriver
2025-09-18 15:40:25,834 - INFO - automation - Initializing WebDriver
2025-09-18 15:41:34,810 - INFO - automation - Test test_search_existing_user PASSED
2025-09-18 15:41:34,810 - INFO - automation - Quitting WebDriver
2025-09-18 15:48:20,999 - INFO - automation - Initializing WebDriver
2025-09-18 15:49:08,505 - ERROR - automation - Test test_edit_existing_user FAILED
2025-09-18 15:49:08,939 - INFO - automation - Quitting WebDriver
2025-09-18 15:50:44,545 - INFO - automation - Initializing WebDriver
2025-09-18 15:51:50,443 - ERROR - automation - Test test_edit_existing_user FAILED
